<?xml version="1.0" encoding="UTF-8"?>
<testng-results ignored="0" total="1" passed="1" failed="0" skipped="0">
  <reporter-output>
  </reporter-output>
  <suite started-at="2025-05-05T10:15:24 IST" name="Suite" finished-at="2025-05-05T10:15:24 IST" duration-ms="51">
    <groups>
    </groups>
    <test started-at="2025-05-05T10:15:24 IST" name="Test" finished-at="2025-05-05T10:15:24 IST" duration-ms="51">
      <class name="firsttesting.First">
        <test-method signature="setUp()[pri:0, instance:firsttesting.First@2e3967ea]" started-at="2025-05-05T10:15:24 IST" name="setUp" finished-at="2025-05-05T10:15:24 IST" duration-ms="5" status="PASS">
          <reporter-output>
          </reporter-output>
        </test-method> <!-- setUp -->
      </class> <!-- firsttesting.First -->
    </test> <!-- Test -->
  </suite> <!-- Suite -->
</testng-results>
