<?xml version="1.0" encoding="UTF-8"?>
<testng-results ignored="0" total="2" passed="2" failed="0" skipped="0">
  <reporter-output>
  </reporter-output>
  <suite started-at="2025-05-05T11:03:20 IST" name="Default suite" finished-at="2025-05-05T11:03:20 IST" duration-ms="62">
    <groups>
    </groups>
    <test started-at="2025-05-05T11:03:20 IST" name="Default test" finished-at="2025-05-05T11:03:20 IST" duration-ms="62">
      <class name="firsttesting.Secondtest">
        <test-method signature="homepage()[pri:0, instance:firsttesting.Secondtest@6bbe85a8]" started-at="2025-05-05T11:03:20 IST" name="homepage" finished-at="2025-05-05T11:03:20 IST" duration-ms="9" status="PASS">
          <reporter-output>
          </reporter-output>
        </test-method> <!-- homepage -->
        <test-method signature="login()[pri:0, instance:firsttesting.Secondtest@6bbe85a8]" started-at="2025-05-05T11:03:20 IST" name="login" finished-at="2025-05-05T11:03:20 IST" duration-ms="2" status="PASS">
          <reporter-output>
          </reporter-output>
        </test-method> <!-- login -->
      </class> <!-- firsttesting.Secondtest -->
    </test> <!-- Default test -->
  </suite> <!-- Default suite -->
</testng-results>
