<?xml version="1.0" encoding="UTF-8"?>
<testng-results ignored="0" total="1" passed="1" failed="0" skipped="0">
  <reporter-output>
  </reporter-output>
  <suite started-at="2025-05-05T10:05:49 IST" name="Default suite" finished-at="2025-05-05T10:05:50 IST" duration-ms="57">
    <groups>
    </groups>
    <test started-at="2025-05-05T10:05:49 IST" name="Default test" finished-at="2025-05-05T10:05:50 IST" duration-ms="57">
      <class name="firsttesting.First">
        <test-method signature="setUp()[pri:0, instance:firsttesting.First@6bbe85a8]" started-at="2025-05-05T10:05:50 IST" name="setUp" finished-at="2025-05-05T10:05:50 IST" duration-ms="9" status="PASS">
          <reporter-output>
          </reporter-output>
        </test-method> <!-- setUp -->
      </class> <!-- firsttesting.First -->
    </test> <!-- Default test -->
  </suite> <!-- Default suite -->
</testng-results>
